Versão do MSBuild 17.14.23+b0019275e para .NET Framework

  1>Checking Build System
  Building Custom Rule C:/Users/pichau/AppData/Roaming/MetaQuotes/Terminal/MQL-GPU/gpu/CMakeLists.txt
  Compiling CUDA source file ..\WaveformFft.cu...
  
  C:\Users\pichau\AppData\Roaming\MetaQuotes\Terminal\MQL-GPU\gpu\build>"C:\Program Files\NVIDIA GPU Computing Toolkit\CUDA\v13.0\bin\nvcc.exe"  --use-local-env -ccbin "C:\Program Files (x86)\Microsoft Visual Studio\2022\BuildTools\VC\Tools\MSVC\14.44.35207\bin\HostX64\x64" -x cu -rdc=true  -I"C:\Users\pichau\AppData\Roaming\MetaQuotes\Terminal\MQL-GPU\gpu" -I"C:\Program Files\NVIDIA GPU Computing Toolkit\CUDA\v13.0\include" -I"C:\Program Files\NVIDIA GPU Computing Toolkit\CUDA\v13.0\include\cccl" -I"C:\Program Files\NVIDIA GPU Computing Toolkit\CUDA\v13.0\include"     --keep-dir GpuBridge\x64\Release  -maxrregcount=0    --machine 64 --compile -cudart static -std=c++17 --generate-code=arch=compute_86,code=[compute_86,sm_86] -Xcompiler="/EHsc -Ob2"   -D_WINDOWS -DNDEBUG -D"CMAKE_INTDIR=\"Release\"" -DGpuBridge_EXPORTS -D_WINDLL -D_MBCS -DWIN32 -D_WINDOWS -DNDEBUG -D"CMAKE_INTDIR=\"Release\"" -DGpuBridge_EXPORTS -Xcompiler "/EHsc /W1 /nologo /O2 /FS   /MD " -Xcompiler "/FdGpuBridge.dir\Release\vc143.pdb" -o GpuBridge.dir\Release\WaveformFft.obj "C:\Users\pichau\AppData\Roaming\MetaQuotes\Terminal\MQL-GPU\gpu\WaveformFft.cu" 
  WaveformFft.cu
  tmpxft_00000e50_00000000-7_WaveformFft.cudafe1.cpp
  Compiling CUDA source file ..\BatchWaveformFft.cu...
  
  C:\Users\pichau\AppData\Roaming\MetaQuotes\Terminal\MQL-GPU\gpu\build>"C:\Program Files\NVIDIA GPU Computing Toolkit\CUDA\v13.0\bin\nvcc.exe"  --use-local-env -ccbin "C:\Program Files (x86)\Microsoft Visual Studio\2022\BuildTools\VC\Tools\MSVC\14.44.35207\bin\HostX64\x64" -x cu -rdc=true  -I"C:\Users\pichau\AppData\Roaming\MetaQuotes\Terminal\MQL-GPU\gpu" -I"C:\Program Files\NVIDIA GPU Computing Toolkit\CUDA\v13.0\include" -I"C:\Program Files\NVIDIA GPU Computing Toolkit\CUDA\v13.0\include\cccl" -I"C:\Program Files\NVIDIA GPU Computing Toolkit\CUDA\v13.0\include"     --keep-dir GpuBridge\x64\Release  -maxrregcount=0    --machine 64 --compile -cudart static -std=c++17 --generate-code=arch=compute_86,code=[compute_86,sm_86] -Xcompiler="/EHsc -Ob2"   -D_WINDOWS -DNDEBUG -D"CMAKE_INTDIR=\"Release\"" -DGpuBridge_EXPORTS -D_WINDLL -D_MBCS -DWIN32 -D_WINDOWS -DNDEBUG -D"CMAKE_INTDIR=\"Release\"" -DGpuBridge_EXPORTS -Xcompiler "/EHsc /W1 /nologo /O2 /FS   /MD " -Xcompiler "/FdGpuBridge.dir\Release\vc143.pdb" -o GpuBridge.dir\Release\BatchWaveformFft.obj "C:\Users\pichau\AppData\Roaming\MetaQuotes\Terminal\MQL-GPU\gpu\BatchWaveformFft.cu" 
  BatchWaveformFft.cu
  tmpxft_000037d8_00000000-7_BatchWaveformFft.cudafe1.cpp
  
  C:\Users\pichau\AppData\Roaming\MetaQuotes\Terminal\MQL-GPU\gpu\build>"C:\Program Files\NVIDIA GPU Computing Toolkit\CUDA\v13.0\bin\nvcc.exe" -dlink  -o GpuBridge.dir\Release\GpuBridge.device-link.obj -Xcompiler "/EHsc /W1 /nologo /O2   /MD " -Xcompiler "/FdGpuBridge.dir\Release\vc143.pdb" -L"C:\Program Files\NVIDIA GPU Computing Toolkit\CUDA\v13.0\bin\x64/crt" -L"C:\Program Files\NVIDIA GPU Computing Toolkit\CUDA\v13.0\lib\x64" -L"C:/Program Files/NVIDIA GPU Computing Toolkit/CUDA/v13.0/lib/x64" -L"C:/Program Files/NVIDIA GPU Computing Toolkit/CUDA/v13.0/lib/x64/Release" -L"C:\Program Files\NVIDIA GPU Computing Toolkit\CUDA\v13.0\lib\x64" "C:\Program Files\NVIDIA GPU Computing Toolkit\CUDA\v13.0\lib\x64\cudart.lib" "C:\Program Files\NVIDIA GPU Computing Toolkit\CUDA\v13.0\lib\x64\cufft.lib" cudadevrt.lib cudart_static.lib kernel32.lib user32.lib gdi32.lib winspool.lib shell32.lib ole32.lib oleaut32.lib uuid.lib comdlg32.lib advapi32.lib -forward-unknown-to-host-compiler -Wno-deprecated-gpu-targets -D_WINDOWS -Xcompiler=" /EHsc" -Xcompiler="-O2 -Ob2" -DNDEBUG "--generate-code=arch=compute_86,code=[compute_86,sm_86]" -Xcompiler=-MD    GpuBridge.dir\Release\WaveformFft.obj GpuBridge.dir\Release\BatchWaveformFft.obj GpuBridge.dir\Release\SupDemKernels.obj GpuBridge.dir\Release\CwtKernels.obj GpuBridge.dir\Release\SpectralAnalysisKernels.obj 
  cudart.lib
  cufft.lib
  cudadevrt.lib
  cudart_static.lib
  kernel32.lib
  user32.lib
  gdi32.lib
  winspool.lib
  shell32.lib
  ole32.lib
  oleaut32.lib
  uuid.lib
  comdlg32.lib
  advapi32.lib
  WaveformFft.obj
  BatchWaveformFft.obj
  SupDemKernels.obj
  CwtKernels.obj
  SpectralAnalysisKernels.obj
     Criando biblioteca C:/Users/pichau/AppData/Roaming/MetaQuotes/Terminal/MQL-GPU/gpu/build/Release/GpuBridge.lib e objeto C:/Users/pichau/AppData/Roaming/MetaQuotes/Terminal/MQL-GPU/gpu/build/Release/GpuBridge.exp
  GpuBridge.vcxproj -> C:\Users\pichau\AppData\Roaming\MetaQuotes\Terminal\MQL-GPU\gpu\build\Release\GpuBridge.dll
